<?xml version="1.0" encoding="UTF-8"?>
<!-- Generated by org.testng.reporters.JUnitReportReporter -->
<testsuite hostname="DESKTOP-GFV424G" failures="0" tests="1" name="testCases.BaseClass" time="0.010" errors="0" timestamp="2023-06-12T18:27:19 EET" skipped="0">
  <testcase classname="testCases.BaseClass" name="tearDown" time="0.010"/>
  <system-out/>
</testsuite> <!-- testCases.BaseClass -->
