<?xml version="1.0" encoding="UTF-8"?>
<!-- Generated by org.testng.reporters.JUnitReportReporter -->
<testsuite hostname="DESKTOP-GFV424G" failures="0" tests="1" name="testCases.TC_002_LoginTest" time="10.993" errors="0" timestamp="2023-06-15T09:54:55 EET" skipped="0">
  <testcase classname="testCases.TC_002_LoginTest" name="test_Login" time="10.993"/>
  <system-out/>
</testsuite> <!-- testCases.TC_002_LoginTest -->
